<?xml version="1.0" encoding="UTF-8"?>
<testng-results ignored="0" total="1" passed="1" failed="0" skipped="0">
  <reporter-output>
  </reporter-output>
  <suite started-at="2020-09-28T08:31:59 IST" name="Default suite" finished-at="2020-09-28T08:34:08 IST" duration-ms="128417">
    <groups>
    </groups>
    <test started-at="2020-09-28T08:31:59 IST" name="Default test" finished-at="2020-09-28T08:34:08 IST" duration-ms="128417">
      <class name="FBDemo">
        <test-method signature="demo()[pri:0, instance:FBDemo@2cdd0d4b]" started-at="2020-09-28T08:31:59 IST" name="demo" finished-at="2020-09-28T08:34:08 IST" duration-ms="128286" status="PASS">
          <reporter-output>
          </reporter-output>
        </test-method> <!-- demo -->
      </class> <!-- FBDemo -->
    </test> <!-- Default test -->
  </suite> <!-- Default suite -->
</testng-results>
