<?xml version="1.0" encoding="UTF-8"?>
<testng-results ignored="0" total="1" passed="1" failed="0" skipped="0">
  <reporter-output>
  </reporter-output>
  <suite started-at="2020-09-28T08:55:21 IST" name="Default suite" finished-at="2020-09-28T08:55:47 IST" duration-ms="26455">
    <groups>
    </groups>
    <test started-at="2020-09-28T08:55:21 IST" name="Default test" finished-at="2020-09-28T08:55:47 IST" duration-ms="26455">
      <class name="tests.FbLoginTest">
        <test-method is-config="true" signature="initialize()[pri:0, instance:tests.FbLoginTest@13b13b5d]" started-at="2020-09-28T08:55:06 IST" name="initialize" finished-at="2020-09-28T08:55:21 IST" duration-ms="14369" status="PASS">
          <reporter-output>
          </reporter-output>
        </test-method> <!-- initialize -->
        <test-method signature="init()[pri:0, instance:tests.FbLoginTest@13b13b5d]" started-at="2020-09-28T08:55:21 IST" name="init" finished-at="2020-09-28T08:55:47 IST" duration-ms="26308" status="PASS">
          <reporter-output>
          </reporter-output>
        </test-method> <!-- init -->
        <test-method is-config="true" signature="TeardownTest()[pri:0, instance:tests.FbLoginTest@13b13b5d]" started-at="2020-09-28T08:55:47 IST" name="TeardownTest" finished-at="2020-09-28T08:55:50 IST" duration-ms="2341" status="PASS">
          <reporter-output>
          </reporter-output>
        </test-method> <!-- TeardownTest -->
      </class> <!-- tests.FbLoginTest -->
    </test> <!-- Default test -->
  </suite> <!-- Default suite -->
</testng-results>
