<?xml version="1.0" encoding="UTF-8"?>
<!-- Generated by org.testng.reporters.JUnitXMLReporter -->
<testsuite ignored="3" hostname="DESKTOP-H2ULFNK" failures="0" tests="2" name="ChromeTest(failed)(failed)(failed)(failed)" time="39.91" errors="0" timestamp="2020-09-25T08:51:26 IST">
  <testcase classname="CrossBrowser" name="SkipTest" time="0.003">
    <skipped/>
  </testcase> <!-- SkipTest -->
  <testcase classname="CrossBrowser" name="FailDemo" time="0.004"/>
  <testcase classname="CrossBrowser" name="AccountTest" time="0.0">
    <ignored/>
  </testcase> <!-- AccountTest -->
  <testcase classname="CrossBrowser" name="ClickLogo" time="0.0">
    <ignored/>
  </testcase> <!-- ClickLogo -->
  <testcase classname="CrossBrowser" name="SkipTest1" time="0.0">
    <ignored/>
  </testcase> <!-- SkipTest1 -->
</testsuite> <!-- ChromeTest(failed)(failed)(failed)(failed) -->
